[kbplacer_plugin_action.py:63]: Plugin version: 0.10
[kbplacer_plugin_action.py:64]: Python version: '3.11.5 (main, May 10 2024, 05:24:12) [MSC v.1939 64 bit (AMD64)]'
[kbplacer_plugin_action.py:65]: KiCad version: 8.0.3 with 4.2.0 msw (phoenix) wxWidgets 3.2.4
[kbplacer_dialog.py:584]: Language: en
[kbplacer_plugin_action.py:76]: GUI state: {"layout_path": "D:\\UserData\\Downloads\\keyboard-layout.json", "key_distance": [19.05, 19.05], "key_info": {"annotation_format": "S{}", "position_option": "Default", "position": {"x": 0.0, "y": 0.0, "orientation": 0.0, "side": "Front"}, "template_path": ""}, "enable_diode_placement": true, "route_switches_with_diodes": true, "diode_info": {"annotation_format": "D{}", "position_option": "Default", "position": {"x": 5.08, "y": 3.03, "orientation": 90.0, "side": "Back"}, "template_path": ""}, "additional_elements": [{"annotation_format": "ST{}", "position_option": "Custom", "position": {"x": 0.0, "y": 0.0, "orientation": 0.0, "side": "Front"}, "template_path": ""}], "route_rows_and_columns": false, "template_path": "", "generate_outline": false, "outline_delta": 0.0}
[key_placer.py:299]: Set key 1U distance: 19050000/19050000
[key_placer.py:112]: Switches by nets: defaultdict(<class 'list'>, {frozenset({'col_13', 'row_4'}): ['S62'], frozenset({'col_11', 'row_4'}): ['S61'], frozenset({'col_10', 'row_4'}): ['S60'], frozenset({'row_4', 'col_9'}): ['S59'], frozenset({'col_6', 'row_4'}): ['S58'], frozenset({'col_2', 'row_4'}): ['S57'], frozenset({'col_1', 'row_4'}): ['S56'], frozenset({'col_0', 'row_4'}): ['S55'], frozenset({'row_3', 'col_13'}): ['S54'], frozenset({'row_3', 'col_11'}): ['S53'], frozenset({'col_10', 'row_3'}): ['S52'], frozenset({'row_3', 'col_9'}): ['S51'], frozenset({'row_3', 'col_8'}): ['S50'], frozenset({'row_3', 'col_7'}): ['S49'], frozenset({'col_6', 'row_3'}): ['S48'], frozenset({'row_3', 'col_5'}): ['S47'], frozenset({'col_4', 'row_3'}): ['S46'], frozenset({'row_3', 'col_3'}): ['S45'], frozenset({'row_3', 'col_2'}): ['S44'], frozenset({'col_1', 'row_3'}): ['S43'], frozenset({'row_3', 'col_0'}): ['S42'], frozenset({'row_2', 'col_13'}): ['S41'], frozenset({'row_2', 'col_11'}): ['S40'], frozenset({'row_2', 'col_10'}): ['S39'], frozenset({'row_2', 'col_9'}): ['S38'], frozenset({'row_2', 'col_8'}): ['S37'], frozenset({'row_2', 'col_7'}): ['S36'], frozenset({'col_6', 'row_2'}): ['S35'], frozenset({'row_2', 'col_5'}): ['S34'], frozenset({'col_4', 'row_2'}): ['S33'], frozenset({'row_2', 'col_3'}): ['S32'], frozenset({'row_2', 'col_2'}): ['S31'], frozenset({'col_1', 'row_2'}): ['S30'], frozenset({'row_2', 'col_0'}): ['S29'], frozenset({'col_13', 'row_1'}): ['S28'], frozenset({'col_12', 'row_1'}): ['S27'], frozenset({'col_11', 'row_1'}): ['S26'], frozenset({'col_10', 'row_1'}): ['S25'], frozenset({'row_1', 'col_9'}): ['S24'], frozenset({'row_1', 'col_8'}): ['S23'], frozenset({'row_1', 'col_7'}): ['S22'], frozenset({'col_6', 'row_1'}): ['S21'], frozenset({'col_5', 'row_1'}): ['S20'], frozenset({'col_4', 'row_1'}): ['S19'], frozenset({'row_1', 'col_3'}): ['S18'], frozenset({'col_2', 'row_1'}): ['S17'], frozenset({'col_1', 'row_1'}): ['S16'], frozenset({'col_0', 'row_1'}): ['S15'], frozenset({'row_0', 'col_13'}): ['S14'], frozenset({'col_12', 'row_0'}): ['S13'], frozenset({'row_0', 'col_11'}): ['S12'], frozenset({'row_0', 'col_10'}): ['S11'], frozenset({'row_0', 'col_9'}): ['S10'], frozenset({'row_0', 'col_8'}): ['S9'], frozenset({'row_0', 'col_7'}): ['S8'], frozenset({'col_6', 'row_0'}): ['S7'], frozenset({'row_0', 'col_5'}): ['S6'], frozenset({'col_4', 'row_0'}): ['S5'], frozenset({'row_0', 'col_3'}): ['S4'], frozenset({'row_0', 'col_2'}): ['S3'], frozenset({'row_0', 'col_1'}): ['S2'], frozenset({'row_0', 'col_0'}): ['S1']})
[key_placer.py:116]: Diodes by switch: {'S62': ['D62'], 'S61': ['D61'], 'S60': ['D60'], 'S59': ['D59'], 'S58': ['D58'], 'S57': ['D57'], 'S56': ['D56'], 'S55': ['D55'], 'S54': ['D54'], 'S53': ['D53'], 'S52': ['D52'], 'S51': ['D51'], 'S50': ['D50'], 'S49': ['D49'], 'S48': ['D48'], 'S47': ['D47'], 'S46': ['D46'], 'S45': ['D45'], 'S44': ['D44'], 'S43': ['D43'], 'S42': ['D42'], 'S41': ['D41'], 'S40': ['D40'], 'S39': ['D39'], 'S38': ['D38'], 'S37': ['D37'], 'S36': ['D36'], 'S35': ['D35'], 'S34': ['D34'], 'S33': ['D33'], 'S32': ['D32'], 'S31': ['D31'], 'S30': ['D30'], 'S29': ['D29'], 'S28': ['D28'], 'S27': ['D27'], 'S26': ['D26'], 'S25': ['D25'], 'S24': ['D24'], 'S23': ['D23'], 'S22': ['D22'], 'S21': ['D21'], 'S20': ['D20'], 'S19': ['D19'], 'S18': ['D18'], 'S17': ['D17'], 'S16': ['D16'], 'S15': ['D15'], 'S14': ['D14'], 'S13': ['D13'], 'S12': ['D12'], 'S11': ['D11'], 'S10': ['D10'], 'S9': ['D9'], 'S8': ['D8'], 'S7': ['D7'], 'S6': ['D6'], 'S5': ['D5'], 'S4': ['D4'], 'S3': ['D3'], 'S2': ['D2'], 'S1': ['D1']}
[kle_serial.py:749]: User layout: [['¬\n`', '!\n1', '"\n2', '£\n3', '$\n4', '%\n5', '^\n6', '&\n7', '*\n8', '(\n9', ')\n0', '_\n-', '+\n=', {'w': 2}, 'Backspace'], [{'w': 1.5}, 'Tab', 'Q', 'W', 'E', 'R', 'T', 'Y', 'U', 'I', 'O', 'P', '{\n[', '}\n]', {'x': 0.25, 'w': 1.25, 'h': 2, 'w2': 1.5, 'h2': 1, 'x2': -0.25}, 'Enter'], [{'w': 1.75}, 'Caps Lock', 'A', 'S', 'D', 'F', 'G', 'H', 'J', 'K', 'L', ':\n;', "@\n'", '~\n#'], [{'w': 1.25}, 'Shift', '|\n\\', 'Z', 'X', 'C', 'V', 'B', 'N', 'M', '<\n,', '>\n.', '?\n/', {'w': 2.75}, 'Shift'], [{'w': 1.25}, 'Ctrl', {'w': 1.25}, 'Win', {'w': 1.25}, 'Alt', {'a': 7, 'w': 6.25}, '', {'a': 4, 'w': 1.25}, 'AltGr', {'w': 1.25}, 'Win', {'w': 1.25}, 'Menu', {'w': 1.25}, 'Ctrl']]
[key_placer.py:595]: Layout offset: (28575000, 28575000)
[board_modifier.py:83]: Setting S1 footprint position: (38100000, 38100000)
[board_modifier.py:83]: Setting S2 footprint position: (57150000, 38100000)
[board_modifier.py:83]: Setting S3 footprint position: (76200000, 38100000)
[board_modifier.py:83]: Setting S4 footprint position: (95250000, 38100000)
[board_modifier.py:83]: Setting S5 footprint position: (114300000, 38100000)
[board_modifier.py:83]: Setting S6 footprint position: (133350000, 38100000)
[board_modifier.py:83]: Setting S7 footprint position: (152400000, 38100000)
[board_modifier.py:83]: Setting S8 footprint position: (171450000, 38100000)
[board_modifier.py:83]: Setting S9 footprint position: (190500000, 38100000)
[board_modifier.py:83]: Setting S10 footprint position: (209550000, 38100000)
[board_modifier.py:83]: Setting S11 footprint position: (228600000, 38100000)
[board_modifier.py:83]: Setting S12 footprint position: (247650000, 38100000)
[board_modifier.py:83]: Setting S13 footprint position: (266700000, 38100000)
[board_modifier.py:83]: Setting S14 footprint position: (295275000, 38100000)
[board_modifier.py:83]: Setting S15 footprint position: (42862500, 57150000)
[board_modifier.py:83]: Setting S16 footprint position: (66675000, 57150000)
[board_modifier.py:83]: Setting S17 footprint position: (85725000, 57150000)
[board_modifier.py:83]: Setting S18 footprint position: (104775000, 57150000)
[board_modifier.py:83]: Setting S19 footprint position: (123825000, 57150000)
[board_modifier.py:83]: Setting S20 footprint position: (142875000, 57150000)
[board_modifier.py:83]: Setting S21 footprint position: (161925000, 57150000)
[board_modifier.py:83]: Setting S22 footprint position: (180975000, 57150000)
[board_modifier.py:83]: Setting S23 footprint position: (200025000, 57150000)
[board_modifier.py:83]: Setting S24 footprint position: (219075000, 57150000)
[board_modifier.py:83]: Setting S25 footprint position: (238125000, 57150000)
[board_modifier.py:83]: Setting S26 footprint position: (257175000, 57150000)
[board_modifier.py:83]: Setting S27 footprint position: (276225000, 57150000)
[board_modifier.py:83]: Setting S28 footprint position: (302418750, 66675000)
[board_modifier.py:83]: Setting S29 footprint position: (45243750, 76200000)
[board_modifier.py:83]: Setting S30 footprint position: (71437500, 76200000)
[board_modifier.py:83]: Setting S31 footprint position: (90487500, 76200000)
[board_modifier.py:83]: Setting S32 footprint position: (109537500, 76200000)
[board_modifier.py:83]: Setting S33 footprint position: (128587500, 76200000)
[board_modifier.py:83]: Setting S34 footprint position: (147637500, 76200000)
[board_modifier.py:83]: Setting S35 footprint position: (166687500, 76200000)
[board_modifier.py:83]: Setting S36 footprint position: (185737500, 76200000)
[board_modifier.py:83]: Setting S37 footprint position: (204787500, 76200000)
[board_modifier.py:83]: Setting S38 footprint position: (223837500, 76200000)
[board_modifier.py:83]: Setting S39 footprint position: (242887500, 76200000)
[board_modifier.py:83]: Setting S40 footprint position: (261937500, 76200000)
[board_modifier.py:83]: Setting S41 footprint position: (280987500, 76200000)
[board_modifier.py:83]: Setting S42 footprint position: (40481250, 95250000)
[board_modifier.py:83]: Setting S43 footprint position: (61912500, 95250000)
[board_modifier.py:83]: Setting S44 footprint position: (80962500, 95250000)
[board_modifier.py:83]: Setting S45 footprint position: (100012500, 95250000)
[board_modifier.py:83]: Setting S46 footprint position: (119062500, 95250000)
[board_modifier.py:83]: Setting S47 footprint position: (138112500, 95250000)
[board_modifier.py:83]: Setting S48 footprint position: (157162500, 95250000)
[board_modifier.py:83]: Setting S49 footprint position: (176212500, 95250000)
[board_modifier.py:83]: Setting S50 footprint position: (195262500, 95250000)
[board_modifier.py:83]: Setting S51 footprint position: (214312500, 95250000)
[board_modifier.py:83]: Setting S52 footprint position: (233362500, 95250000)
[board_modifier.py:83]: Setting S53 footprint position: (252412500, 95250000)
[board_modifier.py:83]: Setting S54 footprint position: (288131250, 95250000)
[board_modifier.py:83]: Setting S55 footprint position: (40481250, 114300000)
[board_modifier.py:83]: Setting S56 footprint position: (64293750, 114300000)
[board_modifier.py:83]: Setting S57 footprint position: (88106250, 114300000)
[board_modifier.py:83]: Setting S58 footprint position: (159543750, 114300000)
[board_modifier.py:83]: Setting S59 footprint position: (230981250, 114300000)
[board_modifier.py:83]: Setting S60 footprint position: (254793750, 114300000)
[board_modifier.py:83]: Setting S61 footprint position: (278606250, 114300000)
[board_modifier.py:83]: Setting S62 footprint position: (302418750, 114300000)
[key_placer.py:907]: Diode info: [ElementInfo(annotation_format='D{}', position_option=<PositionOption.DEFAULT: 'Default'>, position=ElementPosition(x=5.08, y=3.03, orientation=90.0, side=<Side.BACK: 'Back'>), template_path='')]
[board_modifier.py:96]: Getting S1 footprint position: (38100000, 38100000)
[board_modifier.py:83]: Setting D1 footprint position: (43180000, 41130000)
[board_modifier.py:96]: Getting S10 footprint position: (209550000, 38100000)
[board_modifier.py:83]: Setting D10 footprint position: (214630000, 41130000)
[board_modifier.py:96]: Getting S11 footprint position: (228600000, 38100000)
[board_modifier.py:83]: Setting D11 footprint position: (233680000, 41130000)
[board_modifier.py:96]: Getting S12 footprint position: (247650000, 38100000)
[board_modifier.py:83]: Setting D12 footprint position: (252730000, 41130000)
[board_modifier.py:96]: Getting S13 footprint position: (266700000, 38100000)
[board_modifier.py:83]: Setting D13 footprint position: (271780000, 41130000)
[board_modifier.py:96]: Getting S14 footprint position: (295275000, 38100000)
[board_modifier.py:83]: Setting D14 footprint position: (300355000, 41130000)
[board_modifier.py:96]: Getting S15 footprint position: (42862500, 57150000)
[board_modifier.py:83]: Setting D15 footprint position: (47942500, 60180000)
[board_modifier.py:96]: Getting S16 footprint position: (66675000, 57150000)
[board_modifier.py:83]: Setting D16 footprint position: (71755000, 60180000)
[board_modifier.py:96]: Getting S17 footprint position: (85725000, 57150000)
[board_modifier.py:83]: Setting D17 footprint position: (90805000, 60180000)
[board_modifier.py:96]: Getting S18 footprint position: (104775000, 57150000)
[board_modifier.py:83]: Setting D18 footprint position: (109855000, 60180000)
[board_modifier.py:96]: Getting S19 footprint position: (123825000, 57150000)
[board_modifier.py:83]: Setting D19 footprint position: (128905000, 60180000)
[board_modifier.py:96]: Getting S2 footprint position: (57150000, 38100000)
[board_modifier.py:83]: Setting D2 footprint position: (62230000, 41130000)
[board_modifier.py:96]: Getting S20 footprint position: (142875000, 57150000)
[board_modifier.py:83]: Setting D20 footprint position: (147955000, 60180000)
[board_modifier.py:96]: Getting S21 footprint position: (161925000, 57150000)
[board_modifier.py:83]: Setting D21 footprint position: (167005000, 60180000)
[board_modifier.py:96]: Getting S22 footprint position: (180975000, 57150000)
[board_modifier.py:83]: Setting D22 footprint position: (186055000, 60180000)
[board_modifier.py:96]: Getting S23 footprint position: (200025000, 57150000)
[board_modifier.py:83]: Setting D23 footprint position: (205105000, 60180000)
[board_modifier.py:96]: Getting S24 footprint position: (219075000, 57150000)
[board_modifier.py:83]: Setting D24 footprint position: (224155000, 60180000)
[board_modifier.py:96]: Getting S25 footprint position: (238125000, 57150000)
[board_modifier.py:83]: Setting D25 footprint position: (243205000, 60180000)
[board_modifier.py:96]: Getting S26 footprint position: (257175000, 57150000)
[board_modifier.py:83]: Setting D26 footprint position: (262255000, 60180000)
[board_modifier.py:96]: Getting S27 footprint position: (276225000, 57150000)
[board_modifier.py:83]: Setting D27 footprint position: (281305000, 60180000)
[board_modifier.py:96]: Getting S28 footprint position: (302418750, 66675000)
[board_modifier.py:83]: Setting D28 footprint position: (307498750, 69705000)
[board_modifier.py:96]: Getting S29 footprint position: (45243750, 76200000)
[board_modifier.py:83]: Setting D29 footprint position: (50323750, 79230000)
[board_modifier.py:96]: Getting S3 footprint position: (76200000, 38100000)
[board_modifier.py:83]: Setting D3 footprint position: (81280000, 41130000)
[board_modifier.py:96]: Getting S30 footprint position: (71437500, 76200000)
[board_modifier.py:83]: Setting D30 footprint position: (76517500, 79230000)
[board_modifier.py:96]: Getting S31 footprint position: (90487500, 76200000)
[board_modifier.py:83]: Setting D31 footprint position: (95567500, 79230000)
[board_modifier.py:96]: Getting S32 footprint position: (109537500, 76200000)
[board_modifier.py:83]: Setting D32 footprint position: (114617500, 79230000)
[board_modifier.py:96]: Getting S33 footprint position: (128587500, 76200000)
[board_modifier.py:83]: Setting D33 footprint position: (133667500, 79230000)
[board_modifier.py:96]: Getting S34 footprint position: (147637500, 76200000)
[board_modifier.py:83]: Setting D34 footprint position: (152717500, 79230000)
[board_modifier.py:96]: Getting S35 footprint position: (166687500, 76200000)
[board_modifier.py:83]: Setting D35 footprint position: (171767500, 79230000)
[board_modifier.py:96]: Getting S36 footprint position: (185737500, 76200000)
[board_modifier.py:83]: Setting D36 footprint position: (190817500, 79230000)
[board_modifier.py:96]: Getting S37 footprint position: (204787500, 76200000)
[board_modifier.py:83]: Setting D37 footprint position: (209867500, 79230000)
[board_modifier.py:96]: Getting S38 footprint position: (223837500, 76200000)
[board_modifier.py:83]: Setting D38 footprint position: (228917500, 79230000)
[board_modifier.py:96]: Getting S39 footprint position: (242887500, 76200000)
[board_modifier.py:83]: Setting D39 footprint position: (247967500, 79230000)
[board_modifier.py:96]: Getting S4 footprint position: (95250000, 38100000)
[board_modifier.py:83]: Setting D4 footprint position: (100330000, 41130000)
[board_modifier.py:96]: Getting S40 footprint position: (261937500, 76200000)
[board_modifier.py:83]: Setting D40 footprint position: (267017500, 79230000)
[board_modifier.py:96]: Getting S41 footprint position: (280987500, 76200000)
[board_modifier.py:83]: Setting D41 footprint position: (286067500, 79230000)
[board_modifier.py:96]: Getting S42 footprint position: (40481250, 95250000)
[board_modifier.py:83]: Setting D42 footprint position: (45561250, 98280000)
[board_modifier.py:96]: Getting S43 footprint position: (61912500, 95250000)
[board_modifier.py:83]: Setting D43 footprint position: (66992500, 98280000)
[board_modifier.py:96]: Getting S44 footprint position: (80962500, 95250000)
[board_modifier.py:83]: Setting D44 footprint position: (86042500, 98280000)
[board_modifier.py:96]: Getting S45 footprint position: (100012500, 95250000)
[board_modifier.py:83]: Setting D45 footprint position: (105092500, 98280000)
[board_modifier.py:96]: Getting S46 footprint position: (119062500, 95250000)
[board_modifier.py:83]: Setting D46 footprint position: (124142500, 98280000)
[board_modifier.py:96]: Getting S47 footprint position: (138112500, 95250000)
[board_modifier.py:83]: Setting D47 footprint position: (143192500, 98280000)
[board_modifier.py:96]: Getting S48 footprint position: (157162500, 95250000)
[board_modifier.py:83]: Setting D48 footprint position: (162242500, 98280000)
[board_modifier.py:96]: Getting S49 footprint position: (176212500, 95250000)
[board_modifier.py:83]: Setting D49 footprint position: (181292500, 98280000)
[board_modifier.py:96]: Getting S5 footprint position: (114300000, 38100000)
[board_modifier.py:83]: Setting D5 footprint position: (119380000, 41130000)
[board_modifier.py:96]: Getting S50 footprint position: (195262500, 95250000)
[board_modifier.py:83]: Setting D50 footprint position: (200342500, 98280000)
[board_modifier.py:96]: Getting S51 footprint position: (214312500, 95250000)
[board_modifier.py:83]: Setting D51 footprint position: (219392500, 98280000)
[board_modifier.py:96]: Getting S52 footprint position: (233362500, 95250000)
[board_modifier.py:83]: Setting D52 footprint position: (238442500, 98280000)
[board_modifier.py:96]: Getting S53 footprint position: (252412500, 95250000)
[board_modifier.py:83]: Setting D53 footprint position: (257492500, 98280000)
[board_modifier.py:96]: Getting S54 footprint position: (288131250, 95250000)
[board_modifier.py:83]: Setting D54 footprint position: (293211250, 98280000)
[board_modifier.py:96]: Getting S55 footprint position: (40481250, 114300000)
[board_modifier.py:83]: Setting D55 footprint position: (45561250, 117330000)
[board_modifier.py:96]: Getting S56 footprint position: (64293750, 114300000)
[board_modifier.py:83]: Setting D56 footprint position: (69373750, 117330000)
[board_modifier.py:96]: Getting S57 footprint position: (88106250, 114300000)
[board_modifier.py:83]: Setting D57 footprint position: (93186250, 117330000)
[board_modifier.py:96]: Getting S58 footprint position: (159543750, 114300000)
[board_modifier.py:83]: Setting D58 footprint position: (164623750, 117330000)
[board_modifier.py:96]: Getting S59 footprint position: (230981250, 114300000)
[board_modifier.py:83]: Setting D59 footprint position: (236061250, 117330000)
[board_modifier.py:96]: Getting S6 footprint position: (133350000, 38100000)
[board_modifier.py:83]: Setting D6 footprint position: (138430000, 41130000)
[board_modifier.py:96]: Getting S60 footprint position: (254793750, 114300000)
[board_modifier.py:83]: Setting D60 footprint position: (259873750, 117330000)
[board_modifier.py:96]: Getting S61 footprint position: (278606250, 114300000)
[board_modifier.py:83]: Setting D61 footprint position: (283686250, 117330000)
[board_modifier.py:96]: Getting S62 footprint position: (302418750, 114300000)
[board_modifier.py:83]: Setting D62 footprint position: (307498750, 117330000)
[board_modifier.py:96]: Getting S7 footprint position: (152400000, 38100000)
[board_modifier.py:83]: Setting D7 footprint position: (157480000, 41130000)
[board_modifier.py:96]: Getting S8 footprint position: (171450000, 38100000)
[board_modifier.py:83]: Setting D8 footprint position: (176530000, 41130000)
[board_modifier.py:96]: Getting S9 footprint position: (190500000, 38100000)
[board_modifier.py:83]: Setting D9 footprint position: (195580000, 41130000)
[board_modifier.py:96]: Getting S62 footprint position: (302418750, 114300000)
[board_modifier.py:63]: Searching for ST62 footprint in D:/PH60/PCB_Rev2/PH60_Rev2.kicad_pcb
[board_modifier.py:66]: Footprint not found
[board_modifier.py:96]: Getting S61 footprint position: (278606250, 114300000)
[board_modifier.py:63]: Searching for ST61 footprint in D:/PH60/PCB_Rev2/PH60_Rev2.kicad_pcb
[board_modifier.py:66]: Footprint not found
[board_modifier.py:96]: Getting S60 footprint position: (254793750, 114300000)
[board_modifier.py:63]: Searching for ST60 footprint in D:/PH60/PCB_Rev2/PH60_Rev2.kicad_pcb
[board_modifier.py:66]: Footprint not found
[board_modifier.py:96]: Getting S59 footprint position: (230981250, 114300000)
[board_modifier.py:63]: Searching for ST59 footprint in D:/PH60/PCB_Rev2/PH60_Rev2.kicad_pcb
[board_modifier.py:66]: Footprint not found
[board_modifier.py:96]: Getting S58 footprint position: (159543750, 114300000)
[board_modifier.py:63]: Searching for ST58 footprint in D:/PH60/PCB_Rev2/PH60_Rev2.kicad_pcb
[board_modifier.py:66]: Footprint not found
[board_modifier.py:96]: Getting S57 footprint position: (88106250, 114300000)
[board_modifier.py:63]: Searching for ST57 footprint in D:/PH60/PCB_Rev2/PH60_Rev2.kicad_pcb
[board_modifier.py:66]: Footprint not found
[board_modifier.py:96]: Getting S56 footprint position: (64293750, 114300000)
[board_modifier.py:63]: Searching for ST56 footprint in D:/PH60/PCB_Rev2/PH60_Rev2.kicad_pcb
[board_modifier.py:66]: Footprint not found
[board_modifier.py:96]: Getting S55 footprint position: (40481250, 114300000)
[board_modifier.py:63]: Searching for ST55 footprint in D:/PH60/PCB_Rev2/PH60_Rev2.kicad_pcb
[board_modifier.py:66]: Footprint not found
[board_modifier.py:96]: Getting S54 footprint position: (288131250, 95250000)
[board_modifier.py:63]: Searching for ST54 footprint in D:/PH60/PCB_Rev2/PH60_Rev2.kicad_pcb
[board_modifier.py:66]: Footprint not found
[board_modifier.py:96]: Getting S53 footprint position: (252412500, 95250000)
[board_modifier.py:63]: Searching for ST53 footprint in D:/PH60/PCB_Rev2/PH60_Rev2.kicad_pcb
[board_modifier.py:66]: Footprint not found
[board_modifier.py:96]: Getting S52 footprint position: (233362500, 95250000)
[board_modifier.py:63]: Searching for ST52 footprint in D:/PH60/PCB_Rev2/PH60_Rev2.kicad_pcb
[board_modifier.py:66]: Footprint not found
[board_modifier.py:96]: Getting S51 footprint position: (214312500, 95250000)
[board_modifier.py:63]: Searching for ST51 footprint in D:/PH60/PCB_Rev2/PH60_Rev2.kicad_pcb
[board_modifier.py:66]: Footprint not found
[board_modifier.py:96]: Getting S50 footprint position: (195262500, 95250000)
[board_modifier.py:63]: Searching for ST50 footprint in D:/PH60/PCB_Rev2/PH60_Rev2.kicad_pcb
[board_modifier.py:66]: Footprint not found
[board_modifier.py:96]: Getting S49 footprint position: (176212500, 95250000)
[board_modifier.py:63]: Searching for ST49 footprint in D:/PH60/PCB_Rev2/PH60_Rev2.kicad_pcb
[board_modifier.py:66]: Footprint not found
[board_modifier.py:96]: Getting S48 footprint position: (157162500, 95250000)
[board_modifier.py:63]: Searching for ST48 footprint in D:/PH60/PCB_Rev2/PH60_Rev2.kicad_pcb
[board_modifier.py:66]: Footprint not found
[board_modifier.py:96]: Getting S47 footprint position: (138112500, 95250000)
[board_modifier.py:63]: Searching for ST47 footprint in D:/PH60/PCB_Rev2/PH60_Rev2.kicad_pcb
[board_modifier.py:66]: Footprint not found
[board_modifier.py:96]: Getting S46 footprint position: (119062500, 95250000)
[board_modifier.py:63]: Searching for ST46 footprint in D:/PH60/PCB_Rev2/PH60_Rev2.kicad_pcb
[board_modifier.py:66]: Footprint not found
[board_modifier.py:96]: Getting S45 footprint position: (100012500, 95250000)
[board_modifier.py:63]: Searching for ST45 footprint in D:/PH60/PCB_Rev2/PH60_Rev2.kicad_pcb
[board_modifier.py:66]: Footprint not found
[board_modifier.py:96]: Getting S44 footprint position: (80962500, 95250000)
[board_modifier.py:63]: Searching for ST44 footprint in D:/PH60/PCB_Rev2/PH60_Rev2.kicad_pcb
[board_modifier.py:66]: Footprint not found
[board_modifier.py:96]: Getting S43 footprint position: (61912500, 95250000)
[board_modifier.py:63]: Searching for ST43 footprint in D:/PH60/PCB_Rev2/PH60_Rev2.kicad_pcb
[board_modifier.py:66]: Footprint not found
[board_modifier.py:96]: Getting S42 footprint position: (40481250, 95250000)
[board_modifier.py:63]: Searching for ST42 footprint in D:/PH60/PCB_Rev2/PH60_Rev2.kicad_pcb
[board_modifier.py:66]: Footprint not found
[board_modifier.py:96]: Getting S41 footprint position: (280987500, 76200000)
[board_modifier.py:63]: Searching for ST41 footprint in D:/PH60/PCB_Rev2/PH60_Rev2.kicad_pcb
[board_modifier.py:66]: Footprint not found
[board_modifier.py:96]: Getting S40 footprint position: (261937500, 76200000)
[board_modifier.py:63]: Searching for ST40 footprint in D:/PH60/PCB_Rev2/PH60_Rev2.kicad_pcb
[board_modifier.py:66]: Footprint not found
[board_modifier.py:96]: Getting S39 footprint position: (242887500, 76200000)
[board_modifier.py:63]: Searching for ST39 footprint in D:/PH60/PCB_Rev2/PH60_Rev2.kicad_pcb
[board_modifier.py:66]: Footprint not found
[board_modifier.py:96]: Getting S38 footprint position: (223837500, 76200000)
[board_modifier.py:63]: Searching for ST38 footprint in D:/PH60/PCB_Rev2/PH60_Rev2.kicad_pcb
[board_modifier.py:66]: Footprint not found
[board_modifier.py:96]: Getting S37 footprint position: (204787500, 76200000)
[board_modifier.py:63]: Searching for ST37 footprint in D:/PH60/PCB_Rev2/PH60_Rev2.kicad_pcb
[board_modifier.py:66]: Footprint not found
[board_modifier.py:96]: Getting S36 footprint position: (185737500, 76200000)
[board_modifier.py:63]: Searching for ST36 footprint in D:/PH60/PCB_Rev2/PH60_Rev2.kicad_pcb
[board_modifier.py:66]: Footprint not found
[board_modifier.py:96]: Getting S35 footprint position: (166687500, 76200000)
[board_modifier.py:63]: Searching for ST35 footprint in D:/PH60/PCB_Rev2/PH60_Rev2.kicad_pcb
[board_modifier.py:66]: Footprint not found
[board_modifier.py:96]: Getting S34 footprint position: (147637500, 76200000)
[board_modifier.py:63]: Searching for ST34 footprint in D:/PH60/PCB_Rev2/PH60_Rev2.kicad_pcb
[board_modifier.py:66]: Footprint not found
[board_modifier.py:96]: Getting S33 footprint position: (128587500, 76200000)
[board_modifier.py:63]: Searching for ST33 footprint in D:/PH60/PCB_Rev2/PH60_Rev2.kicad_pcb
[board_modifier.py:66]: Footprint not found
[board_modifier.py:96]: Getting S32 footprint position: (109537500, 76200000)
[board_modifier.py:63]: Searching for ST32 footprint in D:/PH60/PCB_Rev2/PH60_Rev2.kicad_pcb
[board_modifier.py:66]: Footprint not found
[board_modifier.py:96]: Getting S31 footprint position: (90487500, 76200000)
[board_modifier.py:63]: Searching for ST31 footprint in D:/PH60/PCB_Rev2/PH60_Rev2.kicad_pcb
[board_modifier.py:66]: Footprint not found
[board_modifier.py:96]: Getting S30 footprint position: (71437500, 76200000)
[board_modifier.py:63]: Searching for ST30 footprint in D:/PH60/PCB_Rev2/PH60_Rev2.kicad_pcb
[board_modifier.py:66]: Footprint not found
[board_modifier.py:96]: Getting S29 footprint position: (45243750, 76200000)
[board_modifier.py:63]: Searching for ST29 footprint in D:/PH60/PCB_Rev2/PH60_Rev2.kicad_pcb
[board_modifier.py:66]: Footprint not found
[board_modifier.py:96]: Getting S28 footprint position: (302418750, 66675000)
[board_modifier.py:63]: Searching for ST28 footprint in D:/PH60/PCB_Rev2/PH60_Rev2.kicad_pcb
[board_modifier.py:66]: Footprint not found
[board_modifier.py:96]: Getting S27 footprint position: (276225000, 57150000)
[board_modifier.py:63]: Searching for ST27 footprint in D:/PH60/PCB_Rev2/PH60_Rev2.kicad_pcb
[board_modifier.py:66]: Footprint not found
[board_modifier.py:96]: Getting S26 footprint position: (257175000, 57150000)
[board_modifier.py:63]: Searching for ST26 footprint in D:/PH60/PCB_Rev2/PH60_Rev2.kicad_pcb
[board_modifier.py:66]: Footprint not found
[board_modifier.py:96]: Getting S25 footprint position: (238125000, 57150000)
[board_modifier.py:63]: Searching for ST25 footprint in D:/PH60/PCB_Rev2/PH60_Rev2.kicad_pcb
[board_modifier.py:66]: Footprint not found
[board_modifier.py:96]: Getting S24 footprint position: (219075000, 57150000)
[board_modifier.py:63]: Searching for ST24 footprint in D:/PH60/PCB_Rev2/PH60_Rev2.kicad_pcb
[board_modifier.py:66]: Footprint not found
[board_modifier.py:96]: Getting S23 footprint position: (200025000, 57150000)
[board_modifier.py:63]: Searching for ST23 footprint in D:/PH60/PCB_Rev2/PH60_Rev2.kicad_pcb
[board_modifier.py:66]: Footprint not found
[board_modifier.py:96]: Getting S22 footprint position: (180975000, 57150000)
[board_modifier.py:63]: Searching for ST22 footprint in D:/PH60/PCB_Rev2/PH60_Rev2.kicad_pcb
[board_modifier.py:66]: Footprint not found
[board_modifier.py:96]: Getting S21 footprint position: (161925000, 57150000)
[board_modifier.py:63]: Searching for ST21 footprint in D:/PH60/PCB_Rev2/PH60_Rev2.kicad_pcb
[board_modifier.py:66]: Footprint not found
[board_modifier.py:96]: Getting S20 footprint position: (142875000, 57150000)
[board_modifier.py:63]: Searching for ST20 footprint in D:/PH60/PCB_Rev2/PH60_Rev2.kicad_pcb
[board_modifier.py:66]: Footprint not found
[board_modifier.py:96]: Getting S19 footprint position: (123825000, 57150000)
[board_modifier.py:63]: Searching for ST19 footprint in D:/PH60/PCB_Rev2/PH60_Rev2.kicad_pcb
[board_modifier.py:66]: Footprint not found
[board_modifier.py:96]: Getting S18 footprint position: (104775000, 57150000)
[board_modifier.py:63]: Searching for ST18 footprint in D:/PH60/PCB_Rev2/PH60_Rev2.kicad_pcb
[board_modifier.py:66]: Footprint not found
[board_modifier.py:96]: Getting S17 footprint position: (85725000, 57150000)
[board_modifier.py:63]: Searching for ST17 footprint in D:/PH60/PCB_Rev2/PH60_Rev2.kicad_pcb
[board_modifier.py:66]: Footprint not found
[board_modifier.py:96]: Getting S16 footprint position: (66675000, 57150000)
[board_modifier.py:63]: Searching for ST16 footprint in D:/PH60/PCB_Rev2/PH60_Rev2.kicad_pcb
[board_modifier.py:66]: Footprint not found
[board_modifier.py:96]: Getting S15 footprint position: (42862500, 57150000)
[board_modifier.py:63]: Searching for ST15 footprint in D:/PH60/PCB_Rev2/PH60_Rev2.kicad_pcb
[board_modifier.py:66]: Footprint not found
[board_modifier.py:96]: Getting S14 footprint position: (295275000, 38100000)
[board_modifier.py:63]: Searching for ST14 footprint in D:/PH60/PCB_Rev2/PH60_Rev2.kicad_pcb
[board_modifier.py:66]: Footprint not found
[board_modifier.py:96]: Getting S13 footprint position: (266700000, 38100000)
[board_modifier.py:63]: Searching for ST13 footprint in D:/PH60/PCB_Rev2/PH60_Rev2.kicad_pcb
[board_modifier.py:66]: Footprint not found
[board_modifier.py:96]: Getting S12 footprint position: (247650000, 38100000)
[board_modifier.py:63]: Searching for ST12 footprint in D:/PH60/PCB_Rev2/PH60_Rev2.kicad_pcb
[board_modifier.py:66]: Footprint not found
[board_modifier.py:96]: Getting S11 footprint position: (228600000, 38100000)
[board_modifier.py:63]: Searching for ST11 footprint in D:/PH60/PCB_Rev2/PH60_Rev2.kicad_pcb
[board_modifier.py:66]: Footprint not found
[board_modifier.py:96]: Getting S10 footprint position: (209550000, 38100000)
[board_modifier.py:63]: Searching for ST10 footprint in D:/PH60/PCB_Rev2/PH60_Rev2.kicad_pcb
[board_modifier.py:66]: Footprint not found
[board_modifier.py:96]: Getting S9 footprint position: (190500000, 38100000)
[board_modifier.py:63]: Searching for ST9 footprint in D:/PH60/PCB_Rev2/PH60_Rev2.kicad_pcb
[board_modifier.py:66]: Footprint not found
[board_modifier.py:96]: Getting S8 footprint position: (171450000, 38100000)
[board_modifier.py:63]: Searching for ST8 footprint in D:/PH60/PCB_Rev2/PH60_Rev2.kicad_pcb
[board_modifier.py:66]: Footprint not found
[board_modifier.py:96]: Getting S7 footprint position: (152400000, 38100000)
[board_modifier.py:63]: Searching for ST7 footprint in D:/PH60/PCB_Rev2/PH60_Rev2.kicad_pcb
[board_modifier.py:66]: Footprint not found
[board_modifier.py:96]: Getting S6 footprint position: (133350000, 38100000)
[board_modifier.py:63]: Searching for ST6 footprint in D:/PH60/PCB_Rev2/PH60_Rev2.kicad_pcb
[board_modifier.py:66]: Footprint not found
[board_modifier.py:96]: Getting S5 footprint position: (114300000, 38100000)
[board_modifier.py:63]: Searching for ST5 footprint in D:/PH60/PCB_Rev2/PH60_Rev2.kicad_pcb
[board_modifier.py:66]: Footprint not found
[board_modifier.py:96]: Getting S4 footprint position: (95250000, 38100000)
[board_modifier.py:63]: Searching for ST4 footprint in D:/PH60/PCB_Rev2/PH60_Rev2.kicad_pcb
[board_modifier.py:66]: Footprint not found
[board_modifier.py:96]: Getting S3 footprint position: (76200000, 38100000)
[board_modifier.py:63]: Searching for ST3 footprint in D:/PH60/PCB_Rev2/PH60_Rev2.kicad_pcb
[board_modifier.py:66]: Footprint not found
[board_modifier.py:96]: Getting S2 footprint position: (57150000, 38100000)
[board_modifier.py:63]: Searching for ST2 footprint in D:/PH60/PCB_Rev2/PH60_Rev2.kicad_pcb
[board_modifier.py:66]: Footprint not found
[board_modifier.py:96]: Getting S1 footprint position: (38100000, 38100000)
[board_modifier.py:63]: Searching for ST1 footprint in D:/PH60/PCB_Rev2/PH60_Rev2.kicad_pcb
[board_modifier.py:66]: Footprint not found
[key_placer.py:361]: Routing S62 with D62
[key_placer.py:363]: Using internal autorouter method
[board_modifier.py:433]: Routing at B.Cu layer
[board_modifier.py:499]: Routing pad 'S62:1' at (295333750, 111760000) with pad 'D62:2' at (307498750, 116305000) using coordinate system rotated by 0 degree(s)
[board_modifier.py:362]: Adding track segment (B.Cu): [(295333750, 111760000), (302953750, 111760000)]
[board_modifier.py:370]: Could not add track segment due to detected collision
[board_modifier.py:362]: Adding track segment (B.Cu): [(295333750, 111760000), (299878750, 116305000)]
[board_modifier.py:370]: Could not add track segment due to detected collision
[key_placer.py:361]: Routing S61 with D61
[key_placer.py:363]: Using internal autorouter method
[board_modifier.py:433]: Routing at B.Cu layer
[board_modifier.py:499]: Routing pad 'S61:1' at (271521250, 111760000) with pad 'D61:2' at (283686250, 116305000) using coordinate system rotated by 0 degree(s)
[board_modifier.py:362]: Adding track segment (B.Cu): [(271521250, 111760000), (279141250, 111760000)]
[board_modifier.py:370]: Could not add track segment due to detected collision
[board_modifier.py:362]: Adding track segment (B.Cu): [(271521250, 111760000), (276066250, 116305000)]
[board_modifier.py:370]: Could not add track segment due to detected collision
[key_placer.py:361]: Routing S60 with D60
[key_placer.py:363]: Using internal autorouter method
[board_modifier.py:433]: Routing at B.Cu layer
[board_modifier.py:499]: Routing pad 'S60:1' at (247708750, 111760000) with pad 'D60:2' at (259873750, 116305000) using coordinate system rotated by 0 degree(s)
[board_modifier.py:362]: Adding track segment (B.Cu): [(247708750, 111760000), (255328750, 111760000)]
[board_modifier.py:370]: Could not add track segment due to detected collision
[board_modifier.py:362]: Adding track segment (B.Cu): [(247708750, 111760000), (252253750, 116305000)]
[board_modifier.py:370]: Could not add track segment due to detected collision
[key_placer.py:361]: Routing S59 with D59
[key_placer.py:363]: Using internal autorouter method
[board_modifier.py:433]: Routing at B.Cu layer
[board_modifier.py:499]: Routing pad 'S59:1' at (223896250, 111760000) with pad 'D59:2' at (236061250, 116305000) using coordinate system rotated by 0 degree(s)
[board_modifier.py:362]: Adding track segment (B.Cu): [(223896250, 111760000), (231516250, 111760000)]
[board_modifier.py:370]: Could not add track segment due to detected collision
[board_modifier.py:362]: Adding track segment (B.Cu): [(223896250, 111760000), (228441250, 116305000)]
[board_modifier.py:370]: Could not add track segment due to detected collision
[key_placer.py:361]: Routing S58 with D58
[key_placer.py:363]: Using internal autorouter method
[board_modifier.py:433]: Routing at B.Cu layer
[board_modifier.py:499]: Routing pad 'S58:1' at (152458750, 111760000) with pad 'D58:2' at (164623750, 116305000) using coordinate system rotated by 0 degree(s)
[board_modifier.py:362]: Adding track segment (B.Cu): [(152458750, 111760000), (160078750, 111760000)]
[board_modifier.py:370]: Could not add track segment due to detected collision
[board_modifier.py:362]: Adding track segment (B.Cu): [(152458750, 111760000), (157003750, 116305000)]
[board_modifier.py:370]: Could not add track segment due to detected collision
[key_placer.py:361]: Routing S57 with D57
[key_placer.py:363]: Using internal autorouter method
[board_modifier.py:433]: Routing at B.Cu layer
[board_modifier.py:499]: Routing pad 'S57:1' at (81021250, 111760000) with pad 'D57:2' at (93186250, 116305000) using coordinate system rotated by 0 degree(s)
[board_modifier.py:362]: Adding track segment (B.Cu): [(81021250, 111760000), (88641250, 111760000)]
[board_modifier.py:370]: Could not add track segment due to detected collision
[board_modifier.py:362]: Adding track segment (B.Cu): [(81021250, 111760000), (85566250, 116305000)]
[board_modifier.py:370]: Could not add track segment due to detected collision
[key_placer.py:361]: Routing S56 with D56
[key_placer.py:363]: Using internal autorouter method
[board_modifier.py:433]: Routing at B.Cu layer
[board_modifier.py:499]: Routing pad 'S56:1' at (57208750, 111760000) with pad 'D56:2' at (69373750, 116305000) using coordinate system rotated by 0 degree(s)
[board_modifier.py:362]: Adding track segment (B.Cu): [(57208750, 111760000), (64828750, 111760000)]
[board_modifier.py:370]: Could not add track segment due to detected collision
[board_modifier.py:362]: Adding track segment (B.Cu): [(57208750, 111760000), (61753750, 116305000)]
[board_modifier.py:370]: Could not add track segment due to detected collision
[key_placer.py:361]: Routing S55 with D55
[key_placer.py:363]: Using internal autorouter method
[board_modifier.py:433]: Routing at B.Cu layer
[board_modifier.py:499]: Routing pad 'S55:1' at (33396250, 111760000) with pad 'D55:2' at (45561250, 116305000) using coordinate system rotated by 0 degree(s)
[board_modifier.py:362]: Adding track segment (B.Cu): [(33396250, 111760000), (41016250, 111760000)]
[board_modifier.py:370]: Could not add track segment due to detected collision
[board_modifier.py:362]: Adding track segment (B.Cu): [(33396250, 111760000), (37941250, 116305000)]
[board_modifier.py:370]: Could not add track segment due to detected collision
[key_placer.py:361]: Routing S54 with D54
[key_placer.py:363]: Using internal autorouter method
[board_modifier.py:433]: Routing at B.Cu layer
[board_modifier.py:499]: Routing pad 'S54:1' at (281046250, 92710000) with pad 'D54:2' at (293211250, 97255000) using coordinate system rotated by 0 degree(s)
[board_modifier.py:362]: Adding track segment (B.Cu): [(281046250, 92710000), (288666250, 92710000)]
[board_modifier.py:370]: Could not add track segment due to detected collision
[board_modifier.py:362]: Adding track segment (B.Cu): [(281046250, 92710000), (285591250, 97255000)]
[board_modifier.py:370]: Could not add track segment due to detected collision
[key_placer.py:361]: Routing S53 with D53
[key_placer.py:363]: Using internal autorouter method
[board_modifier.py:433]: Routing at B.Cu layer
[board_modifier.py:499]: Routing pad 'S53:1' at (245327500, 92710000) with pad 'D53:2' at (257492500, 97255000) using coordinate system rotated by 0 degree(s)
[board_modifier.py:362]: Adding track segment (B.Cu): [(245327500, 92710000), (252947500, 92710000)]
[board_modifier.py:370]: Could not add track segment due to detected collision
[board_modifier.py:362]: Adding track segment (B.Cu): [(245327500, 92710000), (249872500, 97255000)]
[board_modifier.py:370]: Could not add track segment due to detected collision
[key_placer.py:361]: Routing S52 with D52
[key_placer.py:363]: Using internal autorouter method
[board_modifier.py:433]: Routing at B.Cu layer
[board_modifier.py:499]: Routing pad 'S52:1' at (226277500, 92710000) with pad 'D52:2' at (238442500, 97255000) using coordinate system rotated by 0 degree(s)
[board_modifier.py:362]: Adding track segment (B.Cu): [(226277500, 92710000), (233897500, 92710000)]
[board_modifier.py:370]: Could not add track segment due to detected collision
[board_modifier.py:362]: Adding track segment (B.Cu): [(226277500, 92710000), (230822500, 97255000)]
[board_modifier.py:370]: Could not add track segment due to detected collision
[key_placer.py:361]: Routing S51 with D51
[key_placer.py:363]: Using internal autorouter method
[board_modifier.py:433]: Routing at B.Cu layer
[board_modifier.py:499]: Routing pad 'S51:1' at (207227500, 92710000) with pad 'D51:2' at (219392500, 97255000) using coordinate system rotated by 0 degree(s)
[board_modifier.py:362]: Adding track segment (B.Cu): [(207227500, 92710000), (214847500, 92710000)]
[board_modifier.py:370]: Could not add track segment due to detected collision
[board_modifier.py:362]: Adding track segment (B.Cu): [(207227500, 92710000), (211772500, 97255000)]
[board_modifier.py:370]: Could not add track segment due to detected collision
[key_placer.py:361]: Routing S50 with D50
[key_placer.py:363]: Using internal autorouter method
[board_modifier.py:433]: Routing at B.Cu layer
[board_modifier.py:499]: Routing pad 'S50:1' at (188177500, 92710000) with pad 'D50:2' at (200342500, 97255000) using coordinate system rotated by 0 degree(s)
[board_modifier.py:362]: Adding track segment (B.Cu): [(188177500, 92710000), (195797500, 92710000)]
[board_modifier.py:370]: Could not add track segment due to detected collision
[board_modifier.py:362]: Adding track segment (B.Cu): [(188177500, 92710000), (192722500, 97255000)]
[board_modifier.py:370]: Could not add track segment due to detected collision
[key_placer.py:361]: Routing S49 with D49
[key_placer.py:363]: Using internal autorouter method
[board_modifier.py:433]: Routing at B.Cu layer
[board_modifier.py:499]: Routing pad 'S49:1' at (169127500, 92710000) with pad 'D49:2' at (181292500, 97255000) using coordinate system rotated by 0 degree(s)
[board_modifier.py:362]: Adding track segment (B.Cu): [(169127500, 92710000), (176747500, 92710000)]
[board_modifier.py:370]: Could not add track segment due to detected collision
[board_modifier.py:362]: Adding track segment (B.Cu): [(169127500, 92710000), (173672500, 97255000)]
[board_modifier.py:370]: Could not add track segment due to detected collision
[key_placer.py:361]: Routing S48 with D48
[key_placer.py:363]: Using internal autorouter method
[board_modifier.py:433]: Routing at B.Cu layer
[board_modifier.py:499]: Routing pad 'S48:1' at (150077500, 92710000) with pad 'D48:2' at (162242500, 97255000) using coordinate system rotated by 0 degree(s)
[board_modifier.py:362]: Adding track segment (B.Cu): [(150077500, 92710000), (157697500, 92710000)]
[board_modifier.py:370]: Could not add track segment due to detected collision
[board_modifier.py:362]: Adding track segment (B.Cu): [(150077500, 92710000), (154622500, 97255000)]
[board_modifier.py:370]: Could not add track segment due to detected collision
[key_placer.py:361]: Routing S47 with D47
[key_placer.py:363]: Using internal autorouter method
[board_modifier.py:433]: Routing at B.Cu layer
[board_modifier.py:499]: Routing pad 'S47:1' at (131027500, 92710000) with pad 'D47:2' at (143192500, 97255000) using coordinate system rotated by 0 degree(s)
[board_modifier.py:362]: Adding track segment (B.Cu): [(131027500, 92710000), (138647500, 92710000)]
[board_modifier.py:370]: Could not add track segment due to detected collision
[board_modifier.py:362]: Adding track segment (B.Cu): [(131027500, 92710000), (135572500, 97255000)]
[board_modifier.py:370]: Could not add track segment due to detected collision
[key_placer.py:361]: Routing S46 with D46
[key_placer.py:363]: Using internal autorouter method
[board_modifier.py:433]: Routing at B.Cu layer
[board_modifier.py:499]: Routing pad 'S46:1' at (111977500, 92710000) with pad 'D46:2' at (124142500, 97255000) using coordinate system rotated by 0 degree(s)
[board_modifier.py:362]: Adding track segment (B.Cu): [(111977500, 92710000), (119597500, 92710000)]
[board_modifier.py:370]: Could not add track segment due to detected collision
[board_modifier.py:362]: Adding track segment (B.Cu): [(111977500, 92710000), (116522500, 97255000)]
[board_modifier.py:370]: Could not add track segment due to detected collision
[key_placer.py:361]: Routing S45 with D45
[key_placer.py:363]: Using internal autorouter method
[board_modifier.py:433]: Routing at B.Cu layer
[board_modifier.py:499]: Routing pad 'S45:1' at (92927500, 92710000) with pad 'D45:2' at (105092500, 97255000) using coordinate system rotated by 0 degree(s)
[board_modifier.py:362]: Adding track segment (B.Cu): [(92927500, 92710000), (100547500, 92710000)]
[board_modifier.py:370]: Could not add track segment due to detected collision
[board_modifier.py:362]: Adding track segment (B.Cu): [(92927500, 92710000), (97472500, 97255000)]
[board_modifier.py:370]: Could not add track segment due to detected collision
[key_placer.py:361]: Routing S44 with D44
[key_placer.py:363]: Using internal autorouter method
[board_modifier.py:433]: Routing at B.Cu layer
[board_modifier.py:499]: Routing pad 'S44:1' at (73877500, 92710000) with pad 'D44:2' at (86042500, 97255000) using coordinate system rotated by 0 degree(s)
[board_modifier.py:362]: Adding track segment (B.Cu): [(73877500, 92710000), (81497500, 92710000)]
[board_modifier.py:370]: Could not add track segment due to detected collision
[board_modifier.py:362]: Adding track segment (B.Cu): [(73877500, 92710000), (78422500, 97255000)]
[board_modifier.py:370]: Could not add track segment due to detected collision
[key_placer.py:361]: Routing S43 with D43
[key_placer.py:363]: Using internal autorouter method
[board_modifier.py:433]: Routing at B.Cu layer
[board_modifier.py:499]: Routing pad 'S43:1' at (54827500, 92710000) with pad 'D43:2' at (66992500, 97255000) using coordinate system rotated by 0 degree(s)
[board_modifier.py:362]: Adding track segment (B.Cu): [(54827500, 92710000), (62447500, 92710000)]
[board_modifier.py:370]: Could not add track segment due to detected collision
[board_modifier.py:362]: Adding track segment (B.Cu): [(54827500, 92710000), (59372500, 97255000)]
[board_modifier.py:370]: Could not add track segment due to detected collision
[key_placer.py:361]: Routing S42 with D42
[key_placer.py:363]: Using internal autorouter method
[board_modifier.py:433]: Routing at B.Cu layer
[board_modifier.py:499]: Routing pad 'S42:1' at (33396250, 92710000) with pad 'D42:2' at (45561250, 97255000) using coordinate system rotated by 0 degree(s)
[board_modifier.py:362]: Adding track segment (B.Cu): [(33396250, 92710000), (41016250, 92710000)]
[board_modifier.py:370]: Could not add track segment due to detected collision
[board_modifier.py:362]: Adding track segment (B.Cu): [(33396250, 92710000), (37941250, 97255000)]
[board_modifier.py:370]: Could not add track segment due to detected collision
[key_placer.py:361]: Routing S41 with D41
[key_placer.py:363]: Using internal autorouter method
[board_modifier.py:433]: Routing at B.Cu layer
[board_modifier.py:499]: Routing pad 'S41:1' at (273902500, 73660000) with pad 'D41:2' at (286067500, 78205000) using coordinate system rotated by 0 degree(s)
[board_modifier.py:362]: Adding track segment (B.Cu): [(273902500, 73660000), (281522500, 73660000)]
[board_modifier.py:370]: Could not add track segment due to detected collision
[board_modifier.py:362]: Adding track segment (B.Cu): [(273902500, 73660000), (278447500, 78205000)]
[board_modifier.py:370]: Could not add track segment due to detected collision
[key_placer.py:361]: Routing S40 with D40
[key_placer.py:363]: Using internal autorouter method
[board_modifier.py:433]: Routing at B.Cu layer
[board_modifier.py:499]: Routing pad 'S40:1' at (254852500, 73660000) with pad 'D40:2' at (267017500, 78205000) using coordinate system rotated by 0 degree(s)
[board_modifier.py:362]: Adding track segment (B.Cu): [(254852500, 73660000), (262472500, 73660000)]
[board_modifier.py:370]: Could not add track segment due to detected collision
[board_modifier.py:362]: Adding track segment (B.Cu): [(254852500, 73660000), (259397500, 78205000)]
[board_modifier.py:370]: Could not add track segment due to detected collision
[key_placer.py:361]: Routing S39 with D39
[key_placer.py:363]: Using internal autorouter method
[board_modifier.py:433]: Routing at B.Cu layer
[board_modifier.py:499]: Routing pad 'S39:1' at (235802500, 73660000) with pad 'D39:2' at (247967500, 78205000) using coordinate system rotated by 0 degree(s)
[board_modifier.py:362]: Adding track segment (B.Cu): [(235802500, 73660000), (243422500, 73660000)]
[board_modifier.py:370]: Could not add track segment due to detected collision
[board_modifier.py:362]: Adding track segment (B.Cu): [(235802500, 73660000), (240347500, 78205000)]
[board_modifier.py:370]: Could not add track segment due to detected collision
[key_placer.py:361]: Routing S38 with D38
[key_placer.py:363]: Using internal autorouter method
[board_modifier.py:433]: Routing at B.Cu layer
[board_modifier.py:499]: Routing pad 'S38:1' at (216752500, 73660000) with pad 'D38:2' at (228917500, 78205000) using coordinate system rotated by 0 degree(s)
[board_modifier.py:362]: Adding track segment (B.Cu): [(216752500, 73660000), (224372500, 73660000)]
[board_modifier.py:370]: Could not add track segment due to detected collision
[board_modifier.py:362]: Adding track segment (B.Cu): [(216752500, 73660000), (221297500, 78205000)]
[board_modifier.py:370]: Could not add track segment due to detected collision
[key_placer.py:361]: Routing S37 with D37
[key_placer.py:363]: Using internal autorouter method
[board_modifier.py:433]: Routing at B.Cu layer
[board_modifier.py:499]: Routing pad 'S37:1' at (197702500, 73660000) with pad 'D37:2' at (209867500, 78205000) using coordinate system rotated by 0 degree(s)
[board_modifier.py:362]: Adding track segment (B.Cu): [(197702500, 73660000), (205322500, 73660000)]
[board_modifier.py:370]: Could not add track segment due to detected collision
[board_modifier.py:362]: Adding track segment (B.Cu): [(197702500, 73660000), (202247500, 78205000)]
[board_modifier.py:370]: Could not add track segment due to detected collision
[key_placer.py:361]: Routing S36 with D36
[key_placer.py:363]: Using internal autorouter method
[board_modifier.py:433]: Routing at B.Cu layer
[board_modifier.py:499]: Routing pad 'S36:1' at (178652500, 73660000) with pad 'D36:2' at (190817500, 78205000) using coordinate system rotated by 0 degree(s)
[board_modifier.py:362]: Adding track segment (B.Cu): [(178652500, 73660000), (186272500, 73660000)]
[board_modifier.py:370]: Could not add track segment due to detected collision
[board_modifier.py:362]: Adding track segment (B.Cu): [(178652500, 73660000), (183197500, 78205000)]
[board_modifier.py:370]: Could not add track segment due to detected collision
[key_placer.py:361]: Routing S35 with D35
[key_placer.py:363]: Using internal autorouter method
[board_modifier.py:433]: Routing at B.Cu layer
[board_modifier.py:499]: Routing pad 'S35:1' at (159602500, 73660000) with pad 'D35:2' at (171767500, 78205000) using coordinate system rotated by 0 degree(s)
[board_modifier.py:362]: Adding track segment (B.Cu): [(159602500, 73660000), (167222500, 73660000)]
[board_modifier.py:370]: Could not add track segment due to detected collision
[board_modifier.py:362]: Adding track segment (B.Cu): [(159602500, 73660000), (164147500, 78205000)]
[board_modifier.py:370]: Could not add track segment due to detected collision
[key_placer.py:361]: Routing S34 with D34
[key_placer.py:363]: Using internal autorouter method
[board_modifier.py:433]: Routing at B.Cu layer
[board_modifier.py:499]: Routing pad 'S34:1' at (140552500, 73660000) with pad 'D34:2' at (152717500, 78205000) using coordinate system rotated by 0 degree(s)
[board_modifier.py:362]: Adding track segment (B.Cu): [(140552500, 73660000), (148172500, 73660000)]
[board_modifier.py:370]: Could not add track segment due to detected collision
[board_modifier.py:362]: Adding track segment (B.Cu): [(140552500, 73660000), (145097500, 78205000)]
[board_modifier.py:370]: Could not add track segment due to detected collision
[key_placer.py:361]: Routing S33 with D33
[key_placer.py:363]: Using internal autorouter method
[board_modifier.py:433]: Routing at B.Cu layer
[board_modifier.py:499]: Routing pad 'S33:1' at (121502500, 73660000) with pad 'D33:2' at (133667500, 78205000) using coordinate system rotated by 0 degree(s)
[board_modifier.py:362]: Adding track segment (B.Cu): [(121502500, 73660000), (129122500, 73660000)]
[board_modifier.py:370]: Could not add track segment due to detected collision
[board_modifier.py:362]: Adding track segment (B.Cu): [(121502500, 73660000), (126047500, 78205000)]
[board_modifier.py:370]: Could not add track segment due to detected collision
[key_placer.py:361]: Routing S32 with D32
[key_placer.py:363]: Using internal autorouter method
[board_modifier.py:433]: Routing at B.Cu layer
[board_modifier.py:499]: Routing pad 'S32:1' at (102452500, 73660000) with pad 'D32:2' at (114617500, 78205000) using coordinate system rotated by 0 degree(s)
[board_modifier.py:362]: Adding track segment (B.Cu): [(102452500, 73660000), (110072500, 73660000)]
[board_modifier.py:370]: Could not add track segment due to detected collision
[board_modifier.py:362]: Adding track segment (B.Cu): [(102452500, 73660000), (106997500, 78205000)]
[board_modifier.py:370]: Could not add track segment due to detected collision
[key_placer.py:361]: Routing S31 with D31
[key_placer.py:363]: Using internal autorouter method
[board_modifier.py:433]: Routing at B.Cu layer
[board_modifier.py:499]: Routing pad 'S31:1' at (83402500, 73660000) with pad 'D31:2' at (95567500, 78205000) using coordinate system rotated by 0 degree(s)
[board_modifier.py:362]: Adding track segment (B.Cu): [(83402500, 73660000), (91022500, 73660000)]
[board_modifier.py:370]: Could not add track segment due to detected collision
[board_modifier.py:362]: Adding track segment (B.Cu): [(83402500, 73660000), (87947500, 78205000)]
[board_modifier.py:370]: Could not add track segment due to detected collision
[key_placer.py:361]: Routing S30 with D30
[key_placer.py:363]: Using internal autorouter method
[board_modifier.py:433]: Routing at B.Cu layer
[board_modifier.py:499]: Routing pad 'S30:1' at (64352500, 73660000) with pad 'D30:2' at (76517500, 78205000) using coordinate system rotated by 0 degree(s)
[board_modifier.py:362]: Adding track segment (B.Cu): [(64352500, 73660000), (71972500, 73660000)]
[board_modifier.py:370]: Could not add track segment due to detected collision
[board_modifier.py:362]: Adding track segment (B.Cu): [(64352500, 73660000), (68897500, 78205000)]
[board_modifier.py:370]: Could not add track segment due to detected collision
[key_placer.py:361]: Routing S29 with D29
[key_placer.py:363]: Using internal autorouter method
[board_modifier.py:433]: Routing at B.Cu layer
[board_modifier.py:499]: Routing pad 'S29:1' at (38158750, 73660000) with pad 'D29:2' at (50323750, 78205000) using coordinate system rotated by 0 degree(s)
[board_modifier.py:362]: Adding track segment (B.Cu): [(38158750, 73660000), (45778750, 73660000)]
[board_modifier.py:370]: Could not add track segment due to detected collision
[board_modifier.py:362]: Adding track segment (B.Cu): [(38158750, 73660000), (42703750, 78205000)]
[board_modifier.py:370]: Could not add track segment due to detected collision
[key_placer.py:361]: Routing S28 with D28
[key_placer.py:363]: Using internal autorouter method
[board_modifier.py:433]: Routing at B.Cu layer
[board_modifier.py:499]: Routing pad 'S28:1' at (295333750, 64135000) with pad 'D28:2' at (307498750, 68680000) using coordinate system rotated by 0 degree(s)
[board_modifier.py:362]: Adding track segment (B.Cu): [(295333750, 64135000), (302953750, 64135000)]
[board_modifier.py:370]: Could not add track segment due to detected collision
[board_modifier.py:362]: Adding track segment (B.Cu): [(295333750, 64135000), (299878750, 68680000)]
[board_modifier.py:370]: Could not add track segment due to detected collision
[key_placer.py:361]: Routing S27 with D27
[key_placer.py:363]: Using internal autorouter method
[board_modifier.py:433]: Routing at B.Cu layer
[board_modifier.py:499]: Routing pad 'S27:1' at (269140000, 54610000) with pad 'D27:2' at (281305000, 59155000) using coordinate system rotated by 0 degree(s)
[board_modifier.py:362]: Adding track segment (B.Cu): [(269140000, 54610000), (276760000, 54610000)]
[board_modifier.py:370]: Could not add track segment due to detected collision
[board_modifier.py:362]: Adding track segment (B.Cu): [(269140000, 54610000), (273685000, 59155000)]
[board_modifier.py:370]: Could not add track segment due to detected collision
[key_placer.py:361]: Routing S26 with D26
[key_placer.py:363]: Using internal autorouter method
[board_modifier.py:433]: Routing at B.Cu layer
[board_modifier.py:499]: Routing pad 'S26:1' at (250090000, 54610000) with pad 'D26:2' at (262255000, 59155000) using coordinate system rotated by 0 degree(s)
[board_modifier.py:362]: Adding track segment (B.Cu): [(250090000, 54610000), (257710000, 54610000)]
[board_modifier.py:370]: Could not add track segment due to detected collision
[board_modifier.py:362]: Adding track segment (B.Cu): [(250090000, 54610000), (254635000, 59155000)]
[board_modifier.py:370]: Could not add track segment due to detected collision
[key_placer.py:361]: Routing S25 with D25
[key_placer.py:363]: Using internal autorouter method
[board_modifier.py:433]: Routing at B.Cu layer
[board_modifier.py:499]: Routing pad 'S25:1' at (231040000, 54610000) with pad 'D25:2' at (243205000, 59155000) using coordinate system rotated by 0 degree(s)
[board_modifier.py:362]: Adding track segment (B.Cu): [(231040000, 54610000), (238660000, 54610000)]
[board_modifier.py:370]: Could not add track segment due to detected collision
[board_modifier.py:362]: Adding track segment (B.Cu): [(231040000, 54610000), (235585000, 59155000)]
[board_modifier.py:370]: Could not add track segment due to detected collision
[key_placer.py:361]: Routing S24 with D24
[key_placer.py:363]: Using internal autorouter method
[board_modifier.py:433]: Routing at B.Cu layer
[board_modifier.py:499]: Routing pad 'S24:1' at (211990000, 54610000) with pad 'D24:2' at (224155000, 59155000) using coordinate system rotated by 0 degree(s)
[board_modifier.py:362]: Adding track segment (B.Cu): [(211990000, 54610000), (219610000, 54610000)]
[board_modifier.py:370]: Could not add track segment due to detected collision
[board_modifier.py:362]: Adding track segment (B.Cu): [(211990000, 54610000), (216535000, 59155000)]
[board_modifier.py:370]: Could not add track segment due to detected collision
[key_placer.py:361]: Routing S23 with D23
[key_placer.py:363]: Using internal autorouter method
[board_modifier.py:433]: Routing at B.Cu layer
[board_modifier.py:499]: Routing pad 'S23:1' at (192940000, 54610000) with pad 'D23:2' at (205105000, 59155000) using coordinate system rotated by 0 degree(s)
[board_modifier.py:362]: Adding track segment (B.Cu): [(192940000, 54610000), (200560000, 54610000)]
[board_modifier.py:370]: Could not add track segment due to detected collision
[board_modifier.py:362]: Adding track segment (B.Cu): [(192940000, 54610000), (197485000, 59155000)]
[board_modifier.py:370]: Could not add track segment due to detected collision
[key_placer.py:361]: Routing S22 with D22
[key_placer.py:363]: Using internal autorouter method
[board_modifier.py:433]: Routing at B.Cu layer
[board_modifier.py:499]: Routing pad 'S22:1' at (173890000, 54610000) with pad 'D22:2' at (186055000, 59155000) using coordinate system rotated by 0 degree(s)
[board_modifier.py:362]: Adding track segment (B.Cu): [(173890000, 54610000), (181510000, 54610000)]
[board_modifier.py:370]: Could not add track segment due to detected collision
[board_modifier.py:362]: Adding track segment (B.Cu): [(173890000, 54610000), (178435000, 59155000)]
[board_modifier.py:370]: Could not add track segment due to detected collision
[key_placer.py:361]: Routing S21 with D21
[key_placer.py:363]: Using internal autorouter method
[board_modifier.py:433]: Routing at B.Cu layer
[board_modifier.py:499]: Routing pad 'S21:1' at (154840000, 54610000) with pad 'D21:2' at (167005000, 59155000) using coordinate system rotated by 0 degree(s)
[board_modifier.py:362]: Adding track segment (B.Cu): [(154840000, 54610000), (162460000, 54610000)]
[board_modifier.py:370]: Could not add track segment due to detected collision
[board_modifier.py:362]: Adding track segment (B.Cu): [(154840000, 54610000), (159385000, 59155000)]
[board_modifier.py:370]: Could not add track segment due to detected collision
[key_placer.py:361]: Routing S20 with D20
[key_placer.py:363]: Using internal autorouter method
[board_modifier.py:433]: Routing at B.Cu layer
[board_modifier.py:499]: Routing pad 'S20:1' at (135790000, 54610000) with pad 'D20:2' at (147955000, 59155000) using coordinate system rotated by 0 degree(s)
[board_modifier.py:362]: Adding track segment (B.Cu): [(135790000, 54610000), (143410000, 54610000)]
[board_modifier.py:370]: Could not add track segment due to detected collision
[board_modifier.py:362]: Adding track segment (B.Cu): [(135790000, 54610000), (140335000, 59155000)]
[board_modifier.py:370]: Could not add track segment due to detected collision
[key_placer.py:361]: Routing S19 with D19
[key_placer.py:363]: Using internal autorouter method
[board_modifier.py:433]: Routing at B.Cu layer
[board_modifier.py:499]: Routing pad 'S19:1' at (116740000, 54610000) with pad 'D19:2' at (128905000, 59155000) using coordinate system rotated by 0 degree(s)
[board_modifier.py:362]: Adding track segment (B.Cu): [(116740000, 54610000), (124360000, 54610000)]
[board_modifier.py:370]: Could not add track segment due to detected collision
[board_modifier.py:362]: Adding track segment (B.Cu): [(116740000, 54610000), (121285000, 59155000)]
[board_modifier.py:370]: Could not add track segment due to detected collision
[key_placer.py:361]: Routing S18 with D18
[key_placer.py:363]: Using internal autorouter method
[board_modifier.py:433]: Routing at B.Cu layer
[board_modifier.py:499]: Routing pad 'S18:1' at (97690000, 54610000) with pad 'D18:2' at (109855000, 59155000) using coordinate system rotated by 0 degree(s)
[board_modifier.py:362]: Adding track segment (B.Cu): [(97690000, 54610000), (105310000, 54610000)]
[board_modifier.py:370]: Could not add track segment due to detected collision
[board_modifier.py:362]: Adding track segment (B.Cu): [(97690000, 54610000), (102235000, 59155000)]
[board_modifier.py:370]: Could not add track segment due to detected collision
[key_placer.py:361]: Routing S17 with D17
[key_placer.py:363]: Using internal autorouter method
[board_modifier.py:433]: Routing at B.Cu layer
[board_modifier.py:499]: Routing pad 'S17:1' at (78640000, 54610000) with pad 'D17:2' at (90805000, 59155000) using coordinate system rotated by 0 degree(s)
[board_modifier.py:362]: Adding track segment (B.Cu): [(78640000, 54610000), (86260000, 54610000)]
[board_modifier.py:370]: Could not add track segment due to detected collision
[board_modifier.py:362]: Adding track segment (B.Cu): [(78640000, 54610000), (83185000, 59155000)]
[board_modifier.py:370]: Could not add track segment due to detected collision
[key_placer.py:361]: Routing S16 with D16
[key_placer.py:363]: Using internal autorouter method
[board_modifier.py:433]: Routing at B.Cu layer
[board_modifier.py:499]: Routing pad 'S16:1' at (59590000, 54610000) with pad 'D16:2' at (71755000, 59155000) using coordinate system rotated by 0 degree(s)
[board_modifier.py:362]: Adding track segment (B.Cu): [(59590000, 54610000), (67210000, 54610000)]
[board_modifier.py:370]: Could not add track segment due to detected collision
[board_modifier.py:362]: Adding track segment (B.Cu): [(59590000, 54610000), (64135000, 59155000)]
[board_modifier.py:370]: Could not add track segment due to detected collision
[key_placer.py:361]: Routing S15 with D15
[key_placer.py:363]: Using internal autorouter method
[board_modifier.py:433]: Routing at B.Cu layer
[board_modifier.py:499]: Routing pad 'S15:1' at (35777500, 54610000) with pad 'D15:2' at (47942500, 59155000) using coordinate system rotated by 0 degree(s)
[board_modifier.py:362]: Adding track segment (B.Cu): [(35777500, 54610000), (43397500, 54610000)]
[board_modifier.py:370]: Could not add track segment due to detected collision
[board_modifier.py:362]: Adding track segment (B.Cu): [(35777500, 54610000), (40322500, 59155000)]
[board_modifier.py:370]: Could not add track segment due to detected collision
[key_placer.py:361]: Routing S14 with D14
[key_placer.py:363]: Using internal autorouter method
[board_modifier.py:433]: Routing at B.Cu layer
[board_modifier.py:499]: Routing pad 'S14:1' at (288190000, 35560000) with pad 'D14:2' at (300355000, 40105000) using coordinate system rotated by 0 degree(s)
[board_modifier.py:362]: Adding track segment (B.Cu): [(288190000, 35560000), (295810000, 35560000)]
[board_modifier.py:370]: Could not add track segment due to detected collision
[board_modifier.py:362]: Adding track segment (B.Cu): [(288190000, 35560000), (292735000, 40105000)]
[board_modifier.py:370]: Could not add track segment due to detected collision
[key_placer.py:361]: Routing S13 with D13
[key_placer.py:363]: Using internal autorouter method
[board_modifier.py:433]: Routing at B.Cu layer
[board_modifier.py:499]: Routing pad 'S13:1' at (259615000, 35560000) with pad 'D13:2' at (271780000, 40105000) using coordinate system rotated by 0 degree(s)
[board_modifier.py:362]: Adding track segment (B.Cu): [(259615000, 35560000), (267235000, 35560000)]
[board_modifier.py:370]: Could not add track segment due to detected collision
[board_modifier.py:362]: Adding track segment (B.Cu): [(259615000, 35560000), (264160000, 40105000)]
[board_modifier.py:370]: Could not add track segment due to detected collision
[key_placer.py:361]: Routing S12 with D12
[key_placer.py:363]: Using internal autorouter method
[board_modifier.py:433]: Routing at B.Cu layer
[board_modifier.py:499]: Routing pad 'S12:1' at (240565000, 35560000) with pad 'D12:2' at (252730000, 40105000) using coordinate system rotated by 0 degree(s)
[board_modifier.py:362]: Adding track segment (B.Cu): [(240565000, 35560000), (248185000, 35560000)]
[board_modifier.py:370]: Could not add track segment due to detected collision
[board_modifier.py:362]: Adding track segment (B.Cu): [(240565000, 35560000), (245110000, 40105000)]
[board_modifier.py:370]: Could not add track segment due to detected collision
[key_placer.py:361]: Routing S11 with D11
[key_placer.py:363]: Using internal autorouter method
[board_modifier.py:433]: Routing at B.Cu layer
[board_modifier.py:499]: Routing pad 'S11:1' at (221515000, 35560000) with pad 'D11:2' at (233680000, 40105000) using coordinate system rotated by 0 degree(s)
[board_modifier.py:362]: Adding track segment (B.Cu): [(221515000, 35560000), (229135000, 35560000)]
[board_modifier.py:370]: Could not add track segment due to detected collision
[board_modifier.py:362]: Adding track segment (B.Cu): [(221515000, 35560000), (226060000, 40105000)]
[board_modifier.py:370]: Could not add track segment due to detected collision
[key_placer.py:361]: Routing S10 with D10
[key_placer.py:363]: Using internal autorouter method
[board_modifier.py:433]: Routing at B.Cu layer
[board_modifier.py:499]: Routing pad 'S10:1' at (202465000, 35560000) with pad 'D10:2' at (214630000, 40105000) using coordinate system rotated by 0 degree(s)
[board_modifier.py:362]: Adding track segment (B.Cu): [(202465000, 35560000), (210085000, 35560000)]
[board_modifier.py:370]: Could not add track segment due to detected collision
[board_modifier.py:362]: Adding track segment (B.Cu): [(202465000, 35560000), (207010000, 40105000)]
[board_modifier.py:370]: Could not add track segment due to detected collision
[key_placer.py:361]: Routing S9 with D9
[key_placer.py:363]: Using internal autorouter method
[board_modifier.py:433]: Routing at B.Cu layer
[board_modifier.py:499]: Routing pad 'S9:1' at (183415000, 35560000) with pad 'D9:2' at (195580000, 40105000) using coordinate system rotated by 0 degree(s)
[board_modifier.py:362]: Adding track segment (B.Cu): [(183415000, 35560000), (191035000, 35560000)]
[board_modifier.py:370]: Could not add track segment due to detected collision
[board_modifier.py:362]: Adding track segment (B.Cu): [(183415000, 35560000), (187960000, 40105000)]
[board_modifier.py:370]: Could not add track segment due to detected collision
[key_placer.py:361]: Routing S8 with D8
[key_placer.py:363]: Using internal autorouter method
[board_modifier.py:433]: Routing at B.Cu layer
[board_modifier.py:499]: Routing pad 'S8:1' at (164365000, 35560000) with pad 'D8:2' at (176530000, 40105000) using coordinate system rotated by 0 degree(s)
[board_modifier.py:362]: Adding track segment (B.Cu): [(164365000, 35560000), (171985000, 35560000)]
[board_modifier.py:370]: Could not add track segment due to detected collision
[board_modifier.py:362]: Adding track segment (B.Cu): [(164365000, 35560000), (168910000, 40105000)]
[board_modifier.py:370]: Could not add track segment due to detected collision
[key_placer.py:361]: Routing S7 with D7
[key_placer.py:363]: Using internal autorouter method
[board_modifier.py:433]: Routing at B.Cu layer
[board_modifier.py:499]: Routing pad 'S7:1' at (145315000, 35560000) with pad 'D7:2' at (157480000, 40105000) using coordinate system rotated by 0 degree(s)
[board_modifier.py:362]: Adding track segment (B.Cu): [(145315000, 35560000), (152935000, 35560000)]
[board_modifier.py:370]: Could not add track segment due to detected collision
[board_modifier.py:362]: Adding track segment (B.Cu): [(145315000, 35560000), (149860000, 40105000)]
[board_modifier.py:370]: Could not add track segment due to detected collision
[key_placer.py:361]: Routing S6 with D6
[key_placer.py:363]: Using internal autorouter method
[board_modifier.py:433]: Routing at B.Cu layer
[board_modifier.py:499]: Routing pad 'S6:1' at (126265000, 35560000) with pad 'D6:2' at (138430000, 40105000) using coordinate system rotated by 0 degree(s)
[board_modifier.py:362]: Adding track segment (B.Cu): [(126265000, 35560000), (133885000, 35560000)]
[board_modifier.py:370]: Could not add track segment due to detected collision
[board_modifier.py:362]: Adding track segment (B.Cu): [(126265000, 35560000), (130810000, 40105000)]
[board_modifier.py:370]: Could not add track segment due to detected collision
[key_placer.py:361]: Routing S5 with D5
[key_placer.py:363]: Using internal autorouter method
[board_modifier.py:433]: Routing at B.Cu layer
[board_modifier.py:499]: Routing pad 'S5:1' at (107215000, 35560000) with pad 'D5:2' at (119380000, 40105000) using coordinate system rotated by 0 degree(s)
[board_modifier.py:362]: Adding track segment (B.Cu): [(107215000, 35560000), (114835000, 35560000)]
[board_modifier.py:370]: Could not add track segment due to detected collision
[board_modifier.py:362]: Adding track segment (B.Cu): [(107215000, 35560000), (111760000, 40105000)]
[board_modifier.py:370]: Could not add track segment due to detected collision
[key_placer.py:361]: Routing S4 with D4
[key_placer.py:363]: Using internal autorouter method
[board_modifier.py:433]: Routing at B.Cu layer
[board_modifier.py:499]: Routing pad 'S4:1' at (88165000, 35560000) with pad 'D4:2' at (100330000, 40105000) using coordinate system rotated by 0 degree(s)
[board_modifier.py:362]: Adding track segment (B.Cu): [(88165000, 35560000), (95785000, 35560000)]
[board_modifier.py:370]: Could not add track segment due to detected collision
[board_modifier.py:362]: Adding track segment (B.Cu): [(88165000, 35560000), (92710000, 40105000)]
[board_modifier.py:370]: Could not add track segment due to detected collision
[key_placer.py:361]: Routing S3 with D3
[key_placer.py:363]: Using internal autorouter method
[board_modifier.py:433]: Routing at B.Cu layer
[board_modifier.py:499]: Routing pad 'S3:1' at (69115000, 35560000) with pad 'D3:2' at (81280000, 40105000) using coordinate system rotated by 0 degree(s)
[board_modifier.py:362]: Adding track segment (B.Cu): [(69115000, 35560000), (76735000, 35560000)]
[board_modifier.py:370]: Could not add track segment due to detected collision
[board_modifier.py:362]: Adding track segment (B.Cu): [(69115000, 35560000), (73660000, 40105000)]
[board_modifier.py:370]: Could not add track segment due to detected collision
[key_placer.py:361]: Routing S2 with D2
[key_placer.py:363]: Using internal autorouter method
[board_modifier.py:433]: Routing at B.Cu layer
[board_modifier.py:499]: Routing pad 'S2:1' at (50065000, 35560000) with pad 'D2:2' at (62230000, 40105000) using coordinate system rotated by 0 degree(s)
[board_modifier.py:362]: Adding track segment (B.Cu): [(50065000, 35560000), (57685000, 35560000)]
[board_modifier.py:370]: Could not add track segment due to detected collision
[board_modifier.py:362]: Adding track segment (B.Cu): [(50065000, 35560000), (54610000, 40105000)]
[board_modifier.py:370]: Could not add track segment due to detected collision
[key_placer.py:361]: Routing S1 with D1
[key_placer.py:363]: Using internal autorouter method
[board_modifier.py:433]: Routing at B.Cu layer
[board_modifier.py:499]: Routing pad 'S1:1' at (31015000, 35560000) with pad 'D1:2' at (43180000, 40105000) using coordinate system rotated by 0 degree(s)
[board_modifier.py:362]: Adding track segment (B.Cu): [(31015000, 35560000), (38635000, 35560000)]
[board_modifier.py:370]: Could not add track segment due to detected collision
[board_modifier.py:362]: Adding track segment (B.Cu): [(31015000, 35560000), (35560000, 40105000)]
[board_modifier.py:370]: Could not add track segment due to detected collision
[key_placer.py:395]: Removing dangling tracks
