07-15 04:46:41 com_github_MitjaNemec_PlaceFootprints.action_place_footprints 647:Plugin executed on: 'win32'
07-15 04:46:41 com_github_MitjaNemec_PlaceFootprints.action_place_footprints 648:Plugin executed with python version: '3.11.5 (main, May 10 2024, 05:24:12) [MSC v.1939 64 bit (AMD64)]'
07-15 04:46:41 com_github_MitjaNemec_PlaceFootprints.action_place_footprints 649:KiCad build version: 8.0.3
07-15 04:46:41 com_github_MitjaNemec_PlaceFootprints.action_place_footprints 650:Plugin version: 3.0.0
07-15 04:46:41 com_github_MitjaNemec_PlaceFootprints.action_place_footprints 651:Frame repr: <wx._core.Frame object at 0x0000024B099AD6C0>
07-15 04:46:41 com_github_MitjaNemec_PlaceFootprints.place_footprints 121:getting a list of all footprints on board
07-15 04:46:41 com_github_MitjaNemec_PlaceFootprints.place_footprints 156:Footprint U3 on root level
07-15 04:46:41 com_github_MitjaNemec_PlaceFootprints.place_footprints 156:Footprint J3 on root level
07-15 04:46:41 com_github_MitjaNemec_PlaceFootprints.place_footprints 156:Footprint C12 on root level
07-15 04:46:41 com_github_MitjaNemec_PlaceFootprints.place_footprints 156:Footprint Y1 on root level
07-15 04:46:41 com_github_MitjaNemec_PlaceFootprints.place_footprints 156:Footprint C16 on root level
07-15 04:46:41 com_github_MitjaNemec_PlaceFootprints.place_footprints 156:Footprint C2 on root level
07-15 04:46:41 com_github_MitjaNemec_PlaceFootprints.place_footprints 156:Footprint C3 on root level
07-15 04:46:41 com_github_MitjaNemec_PlaceFootprints.place_footprints 156:Footprint R2 on root level
07-15 04:46:41 com_github_MitjaNemec_PlaceFootprints.place_footprints 156:Footprint R4 on root level
07-15 04:46:41 com_github_MitjaNemec_PlaceFootprints.place_footprints 156:Footprint C6 on root level
07-15 04:46:41 com_github_MitjaNemec_PlaceFootprints.place_footprints 156:Footprint C4 on root level
07-15 04:46:41 com_github_MitjaNemec_PlaceFootprints.place_footprints 156:Footprint C8 on root level
07-15 04:46:41 com_github_MitjaNemec_PlaceFootprints.place_footprints 156:Footprint J2 on root level
07-15 04:46:41 com_github_MitjaNemec_PlaceFootprints.place_footprints 156:Footprint C9 on root level
07-15 04:46:41 com_github_MitjaNemec_PlaceFootprints.place_footprints 156:Footprint C11 on root level
07-15 04:46:41 com_github_MitjaNemec_PlaceFootprints.place_footprints 156:Footprint R1 on root level
07-15 04:46:41 com_github_MitjaNemec_PlaceFootprints.place_footprints 156:Footprint C10 on root level
07-15 04:46:41 com_github_MitjaNemec_PlaceFootprints.place_footprints 156:Footprint C5 on root level
07-15 04:46:41 com_github_MitjaNemec_PlaceFootprints.place_footprints 156:Footprint C15 on root level
07-15 04:46:41 com_github_MitjaNemec_PlaceFootprints.place_footprints 156:Footprint U2 on root level
07-15 04:46:41 com_github_MitjaNemec_PlaceFootprints.place_footprints 156:Footprint C13 on root level
07-15 04:46:41 com_github_MitjaNemec_PlaceFootprints.place_footprints 156:Footprint C14 on root level
07-15 04:46:41 com_github_MitjaNemec_PlaceFootprints.place_footprints 156:Footprint C7 on root level
07-15 04:46:41 com_github_MitjaNemec_PlaceFootprints.place_footprints 156:Footprint C1 on root level
07-15 04:46:41 com_github_MitjaNemec_PlaceFootprints.place_footprints 156:Footprint R5 on root level
07-15 04:46:41 com_github_MitjaNemec_PlaceFootprints.place_footprints 156:Footprint R3 on root level
07-15 04:46:41 com_github_MitjaNemec_PlaceFootprints.place_footprints 156:Footprint U1 on root level
07-15 04:46:45 com_github_MitjaNemec_PlaceFootprints.action_place_footprints 830:Reference designator is: C
07-15 04:46:45 com_github_MitjaNemec_PlaceFootprints.action_place_footprints 831:Reference number is: 1
07-15 04:46:45 com_github_MitjaNemec_PlaceFootprints.action_place_footprints 863:Sorted and filtered list:
['C1', 'C2', 'C3', 'C4', 'C5', 'C6', 'C7', 'C8', 'C9', 'C10', 'C11', 'C12', 'C13', 'C14', 'C15', 'C16']
07-15 04:46:45 com_github_MitjaNemec_PlaceFootprints.action_place_footprints 359:wx.Colour(240, 240, 240, 255)
07-15 04:46:56 com_github_MitjaNemec_PlaceFootprints.action_place_footprints 490:'3'
07-15 04:46:56 com_github_MitjaNemec_PlaceFootprints.action_place_footprints 549:Preparing config for reference matrix
07-15 04:46:56 com_github_MitjaNemec_PlaceFootprints.action_place_footprints 556:Saving config file
07-15 04:46:56 com_github_MitjaNemec_PlaceFootprints.action_place_footprints 558:Saved the config file
07-15 04:46:56 com_github_MitjaNemec_PlaceFootprints.action_place_footprints 901:Footprints to place:
['C1', 'C2', 'C3', 'C4', 'C5', 'C6', 'C7', 'C8', 'C9', 'C10', 'C11', 'C12', 'C13', 'C14', 'C15', 'C16']
07-15 04:46:56 com_github_MitjaNemec_PlaceFootprints.place_footprints 398:Starting placing with matrix layout
07-15 04:46:56 com_github_MitjaNemec_PlaceFootprints.action_place_footprints 971:Placing complete
